生成启动时间为 2014/6/23 10:19:46。
     1>项目“D:\FemasAPI_V1.2_20140617\traderapidemo\TraderApi4WIN32\TraderApi.vcxproj”在节点 2 上(build 个目标)。
     1>InitializeBuildStatus:
         正在对“.\Debug\TraderApi.unsuccessfulbuild”执行 Touch 任务。
       ClCompile:
         所有输出均为最新。
       ManifestResourceCompile:
         所有输出均为最新。
       Link:
         c:\Program Files\Microsoft Visual Studio 10.0\VC\bin\link.exe /ERRORREPORT:PROMPT /OUT:"./Debug/TraderApi.exe" /INCREMENTAL /NOLOGO odbc32.lib odbccp32.lib wsock32.lib USTPtraderapi.lib kernel32.lib user32.lib gdi32.lib winspool.lib comdlg32.lib advapi32.lib shell32.lib ole32.lib oleaut32.lib uuid.lib odbc32.lib odbccp32.lib /MANIFEST /ManifestFile:".\Debug\TraderApi.exe.intermediate.manifest" /MANIFESTUAC:"level='asInvoker' uiAccess='false'" /DEBUG /PDB:"D:\FemasAPI_V1.2_20140617\traderapidemo\TraderApi4WIN32\Debug\TraderApi.pdb" /SUBSYSTEM:CONSOLE /TLBID:1 /DYNAMICBASE /NXCOMPAT /IMPLIB:".\Debug\TraderApi.lib" /MACHINE:X86 .\Debug\TraderApi.exe.embed.manifest.res
         .\Debug\PublicFuncs.obj
         .\Debug\testapi.obj
         .\Debug\TraderSpi.obj  /FIXED:NO  /WARN:2
     1>LINK : warning LNK4044: 无法识别的选项“/WARN:2”；已忽略
       Manifest:
         C:\Program Files\Microsoft SDKs\Windows\v7.0A\bin\mt.exe /nologo /verbose /out:".\Debug\TraderApi.exe.embed.manifest" /manifest .\Debug\TraderApi.exe.intermediate.manifest
         所有输出均为最新。
       LinkEmbedManifest:
         所有输出均为最新。
         TraderApi.vcxproj -> D:\FemasAPI_V1.2_20140617\traderapidemo\TraderApi4WIN32\.\Debug\TraderApi.exe
       FinalizeBuildStatus:
         正在删除文件“.\Debug\TraderApi.unsuccessfulbuild”。
         正在对“.\Debug\TraderApi.lastbuildstate”执行 Touch 任务。
     1>已完成生成项目“D:\FemasAPI_V1.2_20140617\traderapidemo\TraderApi4WIN32\TraderApi.vcxproj”(build 个目标)的操作。

生成成功。

已用时间 00:00:01.06
